<?xml version="1.0" encoding="UTF-8"?>
<!-- Generated by org.testng.reporters.JUnitXMLReporter -->
<testsuite hostname="DESKTOP-VSLFUOU" ignored="0" name="Test" tests="4" failures="0" timestamp="17 Dec 2018 03:46:27 GMT" time="116.022" errors="0">
  <testcase name="findTechJobs" time="9.171" classname="mavenProject.websiteTest"/>
  <testcase name="findTechJobs" time="8.262" classname="mavenProject.websiteTest"/>
  <testcase name="findTechJobs" time="8.869" classname="mavenProject.websiteTest"/>
  <testcase name="login" time="52.896" classname="com.sauceLab.sauceLabTest"/>
</testsuite> <!-- Test -->
