<?xml version="1.0" encoding="UTF-8"?>
<!-- Generated by org.testng.reporters.JUnitXMLReporter -->
<testsuite hostname="DESKTOP-VSLFUOU" ignored="0" name="Command line test" tests="4" failures="0" timestamp="07 Dec 2018 18:57:15 GMT" time="33.851" errors="0">
  <testcase name="Login" time="3.935" classname="mavenProject.OzzyTaskTest"/>
  <testcase name="findTechJobs" time="4.787" classname="mavenProject.websiteTest"/>
  <testcase name="findTechJobs" time="4.456" classname="mavenProject.websiteTest"/>
  <testcase name="findTechJobs" time="5.07" classname="mavenProject.websiteTest"/>
</testsuite> <!-- Command line test -->
