<?xml version="1.0" encoding="UTF-8"?>
<testng-results skipped="0" failed="0" ignored="0" total="4" passed="4">
  <reporter-output>
  </reporter-output>
  <suite name="Suite" duration-ms="116022" started-at="2018-12-17T03:44:31Z" finished-at="2018-12-17T03:46:27Z">
    <groups>
    </groups>
    <test name="Test" duration-ms="116022" started-at="2018-12-17T03:44:31Z" finished-at="2018-12-17T03:46:27Z">
      <class name="mavenProject.websiteTest">
        <test-method status="PASS" signature="invokeBrowser()[pri:0, instance:mavenProject.websiteTest@5700d6b1]" name="invokeBrowser" is-config="true" duration-ms="35674" started-at="2018-12-17T03:44:31Z" finished-at="2018-12-17T03:45:06Z">
          <reporter-output>
          </reporter-output>
        </test-method> <!-- invokeBrowser -->
        <test-method status="PASS" signature="findTechJobs(java.lang.String, java.lang.String)[pri:0, instance:mavenProject.websiteTest@5700d6b1]" name="findTechJobs" duration-ms="9171" started-at="2018-12-17T03:45:07Z" data-provider="getData" finished-at="2018-12-17T03:45:16Z">
          <params>
            <param index="0">
              <value>
                <![CDATA[Java Developer]]>
              </value>
            </param>
            <param index="1">
              <value>
                <![CDATA[PA]]>
              </value>
            </param>
          </params>
          <reporter-output>
          </reporter-output>
        </test-method> <!-- findTechJobs -->
        <test-method status="PASS" signature="findTechJobs(java.lang.String, java.lang.String)[pri:0, instance:mavenProject.websiteTest@5700d6b1]" name="findTechJobs" duration-ms="8262" started-at="2018-12-17T03:45:16Z" data-provider="getData" finished-at="2018-12-17T03:45:24Z">
          <params>
            <param index="0">
              <value>
                <![CDATA[JavaScript Developer]]>
              </value>
            </param>
            <param index="1">
              <value>
                <![CDATA[PA]]>
              </value>
            </param>
          </params>
          <reporter-output>
          </reporter-output>
        </test-method> <!-- findTechJobs -->
        <test-method status="PASS" signature="findTechJobs(java.lang.String, java.lang.String)[pri:0, instance:mavenProject.websiteTest@5700d6b1]" name="findTechJobs" duration-ms="8869" started-at="2018-12-17T03:45:24Z" data-provider="getData" finished-at="2018-12-17T03:45:33Z">
          <params>
            <param index="0">
              <value>
                <![CDATA[Ruby Developer]]>
              </value>
            </param>
            <param index="1">
              <value>
                <![CDATA[PA]]>
              </value>
            </param>
          </params>
          <reporter-output>
          </reporter-output>
        </test-method> <!-- findTechJobs -->
        <test-method status="PASS" signature="closeBrowser()[pri:0, instance:mavenProject.websiteTest@5700d6b1]" name="closeBrowser" is-config="true" duration-ms="1055" started-at="2018-12-17T03:46:26Z" finished-at="2018-12-17T03:46:27Z">
          <reporter-output>
          </reporter-output>
        </test-method> <!-- closeBrowser -->
      </class> <!-- mavenProject.websiteTest -->
      <class name="com.sauceLab.sauceLabTest">
        <test-method status="PASS" signature="login()[pri:0, instance:com.sauceLab.sauceLabTest@6fd02e5]" name="login" duration-ms="52896" started-at="2018-12-17T03:45:33Z" finished-at="2018-12-17T03:46:26Z">
          <reporter-output>
          </reporter-output>
        </test-method> <!-- login -->
      </class> <!-- com.sauceLab.sauceLabTest -->
    </test> <!-- Test -->
  </suite> <!-- Suite -->
</testng-results>
